2022-11-24 08:39:54,108 | INFO | models: ['ResNet8', 'ResNet14', 'ResNet20', 'ResNet26', 'ResNet32', 'ResNet44', 'ResNet56']
datasets: ['CIFAR10']
activations: ['Default', 'CosLU']
log_path: ./logs/
plot_path: ./plot/pairs/default_coslu/
dpi: 70
clip: [0.0, 3.0]
2022-11-24 08:39:54,188 | INFO | processed resnet8 cifar10 default
2022-11-24 08:39:54,199 | INFO | processed resnet8 cifar10 coslu
2022-11-24 08:39:54,526 | INFO | processed resnet14 cifar10 default
2022-11-24 08:39:54,537 | INFO | processed resnet14 cifar10 coslu
2022-11-24 08:39:54,864 | INFO | processed resnet20 cifar10 default
2022-11-24 08:39:54,874 | INFO | processed resnet20 cifar10 coslu
2022-11-24 08:39:55,151 | INFO | processed resnet26 cifar10 default
2022-11-24 08:39:55,168 | INFO | processed resnet26 cifar10 coslu
2022-11-24 08:39:55,467 | INFO | processed resnet32 cifar10 default
2022-11-24 08:39:55,482 | INFO | processed resnet32 cifar10 coslu
2022-11-24 08:39:55,821 | INFO | processed resnet44 cifar10 default
2022-11-24 08:39:55,835 | INFO | processed resnet44 cifar10 coslu
2022-11-24 08:39:56,139 | INFO | processed resnet56 cifar10 default
2022-11-24 08:39:56,152 | INFO | processed resnet56 cifar10 coslu
2023-01-05 20:37:58,916 | INFO | models: ['ResNet8', 'ResNet14', 'ResNet20', 'ResNet26', 'ResNet32', 'ResNet44', 'ResNet56']
datasets: ['CIFAR10']
activations: ['Default', 'CosLU']
log_path: ./logs/
plot_path: ./plot/pairs/default_coslu/
dpi: 70
clip: [0.0, 3.0]
2023-01-05 20:37:58,987 | INFO | processed resnet8 cifar10 default
2023-01-05 20:37:58,997 | INFO | processed resnet8 cifar10 coslu
2023-01-05 20:37:59,367 | INFO | processed resnet14 cifar10 default
2023-01-05 20:37:59,375 | INFO | processed resnet14 cifar10 coslu
2023-01-05 20:37:59,658 | INFO | processed resnet20 cifar10 default
2023-01-05 20:37:59,667 | INFO | processed resnet20 cifar10 coslu
2023-01-05 20:37:59,991 | INFO | processed resnet26 cifar10 default
2023-01-05 20:38:00,009 | INFO | processed resnet26 cifar10 coslu
2023-01-05 20:38:00,370 | INFO | processed resnet32 cifar10 default
2023-01-05 20:38:00,381 | INFO | processed resnet32 cifar10 coslu
2023-01-05 20:38:00,663 | INFO | processed resnet44 cifar10 default
2023-01-05 20:38:00,674 | INFO | processed resnet44 cifar10 coslu
2023-01-05 20:38:00,974 | INFO | processed resnet56 cifar10 default
2023-01-05 20:38:00,983 | INFO | processed resnet56 cifar10 coslu
2023-01-07 17:24:52,454 | INFO | models: ['ResNet8', 'ResNet14', 'ResNet20', 'ResNet26', 'ResNet32', 'ResNet44', 'ResNet56']
datasets: ['CIFAR10']
activations: ['Default', 'CosLU']
log_path: ./logs/
plot_path: ./plot/pairs/default_coslu/
dpi: 70
clip: [0.0, 3.0]
2023-01-07 17:24:52,532 | INFO | processed resnet8 cifar10 default
2023-01-07 17:24:52,546 | INFO | processed resnet8 cifar10 coslu
2023-01-07 17:24:53,135 | INFO | processed resnet14 cifar10 default
2023-01-07 17:24:53,160 | INFO | processed resnet14 cifar10 coslu
2023-01-07 17:24:53,719 | INFO | processed resnet20 cifar10 default
2023-01-07 17:24:53,734 | INFO | processed resnet20 cifar10 coslu
2023-01-07 17:24:54,143 | INFO | processed resnet26 cifar10 default
2023-01-07 17:24:54,158 | INFO | processed resnet26 cifar10 coslu
2023-01-07 17:24:54,682 | INFO | processed resnet32 cifar10 default
2023-01-07 17:24:54,700 | INFO | processed resnet32 cifar10 coslu
2023-01-07 17:24:55,105 | INFO | processed resnet44 cifar10 default
2023-01-07 17:24:55,119 | INFO | processed resnet44 cifar10 coslu
2023-01-07 17:24:55,474 | INFO | processed resnet56 cifar10 default
2023-01-07 17:24:55,489 | INFO | processed resnet56 cifar10 coslu
2023-01-10 15:42:08,491 | INFO | models: ['DNN2', 'DNN3', 'DNN5']
datasets: ['MNIST']
activations: ['Default', 'CosLU']
log_path: ./logs/
plot_path: ./plot/pairs/default_coslu/
dpi: 70
clip: [0.0, 3.0]
2023-01-10 15:42:08,572 | INFO | processed dnn2 mnist default
2023-01-10 15:42:08,581 | INFO | processed dnn2 mnist coslu
2023-01-10 15:42:09,025 | INFO | processed dnn3 mnist default
2023-01-10 15:42:09,037 | INFO | processed dnn3 mnist coslu
2023-01-10 15:42:09,445 | INFO | processed dnn5 mnist default
2023-01-10 15:42:09,454 | INFO | processed dnn5 mnist coslu
2024-05-11 13:56:01,982 | INFO | models: ['DNN2', 'DNN3', 'DNN5']
datasets: ['MNIST']
activations: ['Default', 'CosLU']
log_path: ./logs/
plot_path: ./plot/pairs/default_coslu/
dpi: 70
clip: [0.0, 3.0]
2024-05-11 13:56:02,080 | INFO | processed dnn2 mnist default
2024-05-11 13:56:02,081 | INFO | processed dnn2 mnist coslu
2024-05-11 13:56:02,199 | INFO | processed dnn3 mnist default
2024-05-11 13:56:02,200 | INFO | processed dnn3 mnist coslu
2024-05-11 13:56:02,268 | INFO | processed dnn5 mnist default
2024-05-11 13:56:02,268 | INFO | processed dnn5 mnist coslu
2024-05-11 14:00:14,476 | INFO | models: ['DNN2', 'DNN3', 'DNN5']
datasets: ['MNIST']
activations: ['Default', 'CosLU']
log_path: ./logs/
plot_path: ./plot/pairs/default_coslu/
dpi: 70
clip: [0.0, 3.0]
2024-05-11 14:00:14,580 | INFO | processed dnn2 mnist default
2024-05-11 14:00:14,580 | INFO | processed dnn2 mnist coslu
2024-05-11 14:00:14,692 | INFO | processed dnn3 mnist default
2024-05-11 14:00:14,692 | INFO | processed dnn3 mnist coslu
2024-05-11 14:00:14,757 | INFO | processed dnn5 mnist default
2024-05-11 14:00:14,757 | INFO | processed dnn5 mnist coslu
2024-05-11 14:05:28,251 | INFO | models: ['DNN2', 'DNN3', 'DNN5']
datasets: ['MNIST']
activations: ['Default', 'CosLU', 'SinLU', 'CosSinLU']
log_path: ./logs/
plot_path: ./plot/pairs/default_coslu/
dpi: 70
clip: [0.0, 3.0]
2024-05-11 14:05:28,354 | INFO | processed dnn2 mnist default
2024-05-11 14:05:28,355 | INFO | processed dnn2 mnist coslu
2024-05-11 14:05:28,355 | INFO | processed dnn2 mnist sinlu
2024-05-11 14:05:28,356 | INFO | processed dnn2 mnist cossinlu
2024-05-11 14:05:28,472 | INFO | processed dnn3 mnist default
2024-05-11 14:05:28,472 | INFO | processed dnn3 mnist coslu
2024-05-11 14:05:28,473 | INFO | processed dnn3 mnist sinlu
2024-05-11 14:05:28,538 | INFO | processed dnn5 mnist default
2024-05-11 14:05:28,539 | INFO | processed dnn5 mnist coslu
2024-05-11 14:05:28,539 | INFO | processed dnn5 mnist sinlu
2024-05-11 14:14:59,734 | INFO | models: ['DNN2', 'DNN3', 'DNN5']
datasets: ['MNIST']
activations: ['Default', 'CosLU', 'SinLU', 'CosSinLU']
log_path: ./logs/
plot_path: ./plot/pairs/default_coslu/
dpi: 70
clip: [0.0, 3.0]
2024-05-11 14:14:59,844 | INFO | processed dnn2 mnist default
2024-05-11 14:14:59,844 | INFO | processed dnn2 mnist coslu
2024-05-11 14:14:59,844 | INFO | processed dnn2 mnist sinlu
2024-05-11 14:14:59,845 | INFO | processed dnn2 mnist cossinlu
2024-05-11 14:14:59,968 | INFO | processed dnn3 mnist default
2024-05-11 14:14:59,968 | INFO | processed dnn3 mnist coslu
2024-05-11 14:14:59,968 | INFO | processed dnn3 mnist sinlu
2024-05-11 14:15:00,038 | INFO | processed dnn5 mnist default
2024-05-11 14:15:00,038 | INFO | processed dnn5 mnist coslu
2024-05-11 14:15:00,038 | INFO | processed dnn5 mnist sinlu
2024-05-11 14:15:38,076 | INFO | models: ['DNN2', 'DNN3', 'DNN5']
datasets: ['MNIST']
activations: ['Default', 'CosLU', 'SinLU', 'CosSinLU']
log_path: ./logs/
plot_path: ./plot/pairs/default_coslu/
dpi: 70
clip: [0.0, 3.0]
2024-05-11 14:15:51,463 | INFO | models: ['DNN2', 'DNN3', 'DNN5']
datasets: ['MNIST']
activations: ['Default', 'CosLU', 'SinLU', 'CosSinLU']
log_path: ./logs/
plot_path: ./plot/pairs/default_coslu/
dpi: 70
clip: [0.0, 3.0]
2024-05-11 14:16:08,797 | INFO | models: ['DNN2', 'DNN3', 'DNN5']
datasets: ['MNIST']
activations: ['Default', 'CosLU', 'SinLU', 'CosSinLU']
log_path: ./logs/
plot_path: ./plot/pairs/default_coslu/
dpi: 70
clip: [0.0, 3.0]
2024-05-11 14:17:06,819 | INFO | models: ['DNN2', 'DNN3', 'DNN5']
datasets: ['MNIST']
activations: ['Default', 'CosLU', 'SinLU', 'CosSinLU']
log_path: ./logs/
plot_path: ./plot/pairs/default_coslu/
dpi: 70
clip: [0.0, 3.0]
2024-05-11 14:17:06,926 | INFO | processed dnn2 mnist default
2024-05-11 14:17:06,927 | INFO | processed dnn2 mnist coslu
2024-05-11 14:17:06,927 | INFO | processed dnn2 mnist sinlu
2024-05-11 14:17:06,928 | INFO | processed dnn2 mnist cossinlu
2024-05-11 14:17:07,046 | INFO | processed dnn3 mnist default
2024-05-11 14:17:07,046 | INFO | processed dnn3 mnist coslu
2024-05-11 14:17:07,047 | INFO | processed dnn3 mnist sinlu
2024-05-11 14:17:07,114 | INFO | processed dnn5 mnist default
2024-05-11 14:17:07,114 | INFO | processed dnn5 mnist coslu
2024-05-11 14:17:07,115 | INFO | processed dnn5 mnist sinlu
2024-05-11 14:19:41,074 | INFO | models: ['DNN2', 'DNN3', 'DNN5']
datasets: ['MNIST']
activations: ['CosSinLU', 'Default', 'CosLU', 'SinLU']
log_path: ./logs/
plot_path: ./plot/pairs/default_coslu/
dpi: 70
clip: [0.0, 3.0]
2024-05-11 14:20:03,697 | INFO | models: ['DNN2', 'DNN3', 'DNN5']
datasets: ['MNIST']
activations: ['CosSinLU', 'Default', 'CosLU', 'SinLU']
log_path: ./logs/
plot_path: ./plot/pairs/default_coslu/
dpi: 70
clip: [0.0, 3.0]
2024-05-11 14:20:03,810 | INFO | processed dnn2 mnist cossinlu
2024-05-11 14:20:03,810 | INFO | processed dnn2 mnist default
2024-05-11 14:20:03,810 | INFO | processed dnn2 mnist coslu
2024-05-11 14:20:03,811 | INFO | processed dnn2 mnist sinlu
2024-05-11 14:20:03,933 | INFO | processed dnn3 mnist default
2024-05-11 14:20:03,934 | INFO | processed dnn3 mnist coslu
2024-05-11 14:20:03,934 | INFO | processed dnn3 mnist sinlu
2024-05-11 14:20:04,004 | INFO | processed dnn5 mnist default
2024-05-11 14:20:04,005 | INFO | processed dnn5 mnist coslu
2024-05-11 14:20:04,005 | INFO | processed dnn5 mnist sinlu
2024-05-11 14:20:39,757 | INFO | models: ['DNN2', 'DNN3', 'DNN5']
datasets: ['MNIST']
activations: ['CosSinLU', 'Default', 'CosLU', 'SinLU']
log_path: ./logs/
plot_path: ./plot/pairs/default_coslu/
dpi: 70
clip: [0.0, 3.0]
2024-05-11 14:20:39,859 | INFO | processed dnn2 mnist cossinlu
2024-05-11 14:20:39,859 | INFO | processed dnn2 mnist default
2024-05-11 14:20:39,860 | INFO | processed dnn2 mnist coslu
2024-05-11 14:20:39,860 | INFO | processed dnn2 mnist sinlu
2024-05-11 14:20:39,985 | INFO | processed dnn3 mnist default
2024-05-11 14:20:39,985 | INFO | processed dnn3 mnist coslu
2024-05-11 14:20:39,985 | INFO | processed dnn3 mnist sinlu
2024-05-11 14:20:40,054 | INFO | processed dnn5 mnist default
2024-05-11 14:20:40,055 | INFO | processed dnn5 mnist coslu
2024-05-11 14:20:40,055 | INFO | processed dnn5 mnist sinlu
2024-05-11 14:22:33,692 | INFO | models: ['DNN2', 'DNN3', 'DNN5']
datasets: ['MNIST']
activations: ['CosSinLU', 'Default', 'CosLU', 'SinLU']
log_path: ./logs/
plot_path: ./plot/pairs/default_coslu/
dpi: 70
clip: [0.0, 3.0]
2024-05-11 14:22:33,789 | INFO | processed dnn2 mnist cossinlu
2024-05-11 14:22:33,790 | INFO | processed dnn2 mnist default
2024-05-11 14:22:33,790 | INFO | processed dnn2 mnist coslu
2024-05-11 14:22:33,790 | INFO | processed dnn2 mnist sinlu
2024-05-11 14:22:33,918 | INFO | processed dnn3 mnist default
2024-05-11 14:22:33,919 | INFO | processed dnn3 mnist coslu
2024-05-11 14:22:33,919 | INFO | processed dnn3 mnist sinlu
2024-05-11 14:22:33,986 | INFO | processed dnn5 mnist default
2024-05-11 14:22:33,986 | INFO | processed dnn5 mnist coslu
2024-05-11 14:22:33,987 | INFO | processed dnn5 mnist sinlu
2024-05-11 14:23:07,984 | INFO | models: ['DNN2', 'DNN3', 'DNN5']
datasets: ['MNIST']
activations: ['CosSinLU', 'Default', 'CosLU', 'SinLU']
log_path: ./logs/
plot_path: ./plot/pairs/default_coslu/
dpi: 70
clip: [0.0, 3.0]
2024-05-11 14:23:08,093 | INFO | processed dnn2 mnist cossinlu
2024-05-11 14:23:08,094 | INFO | processed dnn2 mnist default
2024-05-11 14:23:08,094 | INFO | processed dnn2 mnist coslu
2024-05-11 14:23:08,095 | INFO | processed dnn2 mnist sinlu
2024-05-11 14:23:08,215 | INFO | processed dnn3 mnist default
2024-05-11 14:23:08,216 | INFO | processed dnn3 mnist coslu
2024-05-11 14:23:08,216 | INFO | processed dnn3 mnist sinlu
2024-05-11 14:23:08,282 | INFO | processed dnn5 mnist default
2024-05-11 14:23:08,283 | INFO | processed dnn5 mnist coslu
2024-05-11 14:23:08,283 | INFO | processed dnn5 mnist sinlu
2024-05-11 14:23:23,705 | INFO | models: ['DNN2', 'DNN3', 'DNN5']
datasets: ['MNIST']
activations: ['CosSinLU', 'Default', 'CosLU', 'SinLU']
log_path: ./logs/
plot_path: ./plot/pairs/default_coslu/
dpi: 70
clip: [0.0, 3.0]
2024-05-11 14:23:23,813 | INFO | processed dnn2 mnist cossinlu
2024-05-11 14:23:23,814 | INFO | processed dnn2 mnist default
2024-05-11 14:23:23,814 | INFO | processed dnn2 mnist coslu
2024-05-11 14:23:23,814 | INFO | processed dnn2 mnist sinlu
2024-05-11 14:23:23,933 | INFO | processed dnn3 mnist default
2024-05-11 14:23:23,934 | INFO | processed dnn3 mnist coslu
2024-05-11 14:23:23,934 | INFO | processed dnn3 mnist sinlu
2024-05-11 14:23:23,999 | INFO | processed dnn5 mnist default
2024-05-11 14:23:24,000 | INFO | processed dnn5 mnist coslu
2024-05-11 14:23:24,000 | INFO | processed dnn5 mnist sinlu
2024-05-11 18:18:48,965 | INFO | models: ['DNN2', 'DNN3', 'DNN5']
datasets: ['MNIST']
activations: ['Default', 'CosLU']
log_path: ./logs/
plot_path: ./plot/pairs/default_coslu/
dpi: 70
clip: [0.0, 3.0]
2024-05-11 18:18:49,069 | INFO | processed dnn2 mnist default
2024-05-11 18:18:49,070 | INFO | processed dnn2 mnist coslu
2024-05-11 18:18:49,180 | INFO | processed dnn3 mnist default
2024-05-11 18:18:49,180 | INFO | processed dnn3 mnist coslu
2024-05-11 18:18:49,245 | INFO | processed dnn5 mnist default
2024-05-11 18:18:49,246 | INFO | processed dnn5 mnist coslu
2024-05-12 14:21:02,361 | INFO | models: ['DNN2', 'DNN3', 'DNN5']
datasets: ['MNIST']
activations: ['Default', 'CosLU']
log_path: ./logs/
plot_path: ./plot/pairs/default_coslu/
dpi: 70
clip: [0.0, 3.0]
2024-05-12 14:21:02,458 | INFO | processed dnn2 mnist default
2024-05-12 14:21:02,458 | INFO | processed dnn2 mnist coslu
2024-05-12 14:21:02,569 | INFO | processed dnn3 mnist default
2024-05-12 14:21:02,569 | INFO | processed dnn3 mnist coslu
2024-05-12 14:21:02,634 | INFO | processed dnn5 mnist default
2024-05-12 14:21:02,635 | INFO | processed dnn5 mnist coslu
2024-05-12 14:58:01,084 | INFO | models: ['DNN2', 'DNN3', 'DNN5']
datasets: ['MNIST']
activations: ['Default', 'CosLU']
log_path: ./logs/
plot_path: ./plot/pairs/default_coslu/
dpi: 70
clip: [0.0, 3.0]
2024-05-12 14:58:01,190 | INFO | processed dnn2 mnist default
2024-05-12 14:58:01,190 | INFO | processed dnn2 mnist coslu
2024-05-12 14:58:01,302 | INFO | processed dnn3 mnist default
2024-05-12 14:58:01,302 | INFO | processed dnn3 mnist coslu
2024-05-12 14:58:01,369 | INFO | processed dnn5 mnist default
2024-05-12 14:58:01,370 | INFO | processed dnn5 mnist coslu
2024-05-12 15:11:57,585 | INFO | models: ['DNN2', 'DNN3', 'DNN5']
datasets: ['MNIST']
activations: ['Default', 'CosLU']
log_path: ./logs/
plot_path: ./plot/pairs/default_coslu/
dpi: 70
clip: [0.0, 3.0]
2024-05-12 15:11:57,693 | INFO | processed dnn2 mnist default
2024-05-12 15:11:57,693 | INFO | processed dnn2 mnist coslu
2024-05-12 15:11:57,809 | INFO | processed dnn3 mnist default
2024-05-12 15:11:57,809 | INFO | processed dnn3 mnist coslu
2024-05-12 15:11:57,872 | INFO | processed dnn5 mnist default
2024-05-12 15:11:57,873 | INFO | processed dnn5 mnist coslu
2024-05-12 15:15:30,267 | INFO | models: ['DNN2', 'DNN3', 'DNN5']
datasets: ['MNIST']
activations: ['Default', 'CosLU']
log_path: ./logs/
plot_path: ./plot/pairs/default_coslu/
dpi: 70
clip: [0.0, 3.0]
2024-05-12 15:15:30,373 | INFO | processed dnn2 mnist default
2024-05-12 15:15:30,374 | INFO | processed dnn2 mnist coslu
2024-05-12 15:15:30,485 | INFO | processed dnn3 mnist default
2024-05-12 15:15:30,485 | INFO | processed dnn3 mnist coslu
2024-05-12 15:15:30,550 | INFO | processed dnn5 mnist default
2024-05-12 15:15:30,551 | INFO | processed dnn5 mnist coslu
